# JRE version: OpenJDK Runtime Environment (11.0.4+10) (build 11.0.4+10-b304.69)
# Java VM: OpenJDK 64-Bit Server VM (11.0.4+10-b304.69, mixed mode, sharing, tiered, compressed oops, g1 gc, windows-amd64)
Heap:
 garbage-first heap   total 829440K, used 19836K [0x0000000081200000, 0x0000000100000000)
  region size 1024K, 2 young (2048K), 2 survivors (2048K)
 Metaspace       used 44457K, capacity 45927K, committed 46128K, reserved 1089536K
  class space    used 5948K, capacity 6522K, committed 6528K, reserved 1048576K
GC Heap History (10 events):
Event: 26.347 GC heap after
{Heap after GC invocations=11 (full 0):
 garbage-first heap   total 276480K, used 19313K [0x0000000081200000, 0x0000000100000000)
  region size 1024K, 2 young (2048K), 2 survivors (2048K)
 Metaspace       used 35173K, capacity 36526K, committed 36784K, reserved 1081344K
  class space    used 4524K, capacity 5079K, committed 5120K, reserved 1048576K
}
Event: 27.459 GC heap before
{Heap before GC invocations=11 (full 0):
 garbage-first heap   total 276480K, used 30577K [0x0000000081200000, 0x0000000100000000)
  region size 1024K, 13 young (13312K), 2 survivors (2048K)
 Metaspace       used 36979K, capacity 38407K, committed 38704K, reserved 1083392K
  class space    used 4845K, capacity 5405K, committed 5504K, reserved 1048576K
}
Event: 27.463 GC heap after
{Heap after GC invocations=12 (full 0):
 garbage-first heap   total 276480K, used 18669K [0x0000000081200000, 0x0000000100000000)
  region size 1024K, 2 young (2048K), 2 survivors (2048K)
 Metaspace       used 36979K, capacity 38407K, committed 38704K, reserved 1083392K
  class space    used 4845K, capacity 5405K, committed 5504K, reserved 1048576K
}
Event: 28.428 GC heap before
{Heap before GC invocations=12 (full 0):
 garbage-first heap   total 276480K, used 28909K [0x0000000081200000, 0x0000000100000000)
  region size 1024K, 13 young (13312K), 2 survivors (2048K)
 Metaspace       used 39053K, capacity 40452K, committed 40752K, reserved 1085440K
  class space    used 5150K, capacity 5703K, committed 5760K, reserved 1048576K
}
Event: 28.444 GC heap after
{Heap after GC invocations=13 (full 0):
 garbage-first heap   total 276480K, used 18749K [0x0000000081200000, 0x0000000100000000)
  region size 1024K, 2 young (2048K), 2 survivors (2048K)
 Metaspace       used 39053K, capacity 40452K, committed 40752K, reserved 1085440K
  class space    used 5150K, capacity 5703K, committed 5760K, reserved 1048576K
}
Event: 29.168 GC heap before
{Heap before GC invocations=13 (full 0):
 garbage-first heap   total 276480K, used 30013K [0x0000000081200000, 0x0000000100000000)
  region size 1024K, 13 young (13312K), 2 survivors (2048K)
 Metaspace       used 40941K, capacity 42391K, committed 42544K, reserved 1085440K
  class space    used 5401K, capacity 5965K, committed 6016K, reserved 1048576K
}
Event: 29.180 GC heap after
{Heap after GC invocations=14 (full 0):
 garbage-first heap   total 276480K, used 19236K [0x0000000081200000, 0x0000000100000000)
  region size 1024K, 2 young (2048K), 2 survivors (2048K)
 Metaspace       used 40941K, capacity 42391K, committed 42544K, reserved 1085440K
  class space    used 5401K, capacity 5965K, committed 6016K, reserved 1048576K
}
Event: 30.200 GC heap before
{Heap before GC invocations=14 (full 0):
 garbage-first heap   total 276480K, used 30500K [0x0000000081200000, 0x0000000100000000)
  region size 1024K, 13 young (13312K), 2 survivors (2048K)
 Metaspace       used 43068K, capacity 44489K, committed 44592K, reserved 1087488K
  class space    used 5707K, capacity 6259K, committed 6272K, reserved 1048576K
}
Event: 30.246 GC heap after
{Heap after GC invocations=15 (full 0):
 garbage-first heap   total 276480K, used 19441K [0x0000000081200000, 0x0000000100000000)
  region size 1024K, 2 young (2048K), 2 survivors (2048K)
 Metaspace       used 43068K, capacity 44489K, committed 44592K, reserved 1087488K
  class space    used 5707K, capacity 6259K, committed 6272K, reserved 1048576K
}
Event: 30.798 GC heap before
{Heap before GC invocations=15 (full 0):
 garbage-first heap   total 276480K, used 30705K [0x0000000081200000, 0x0000000100000000)
  region size 1024K, 13 young (13312K), 2 survivors (2048K)
 Metaspace       used 44457K, capacity 45927K, committed 46128K, reserved 1089536K
  class space    used 5948K, capacity 6522K, committed 6528K, reserved 1048576K
}

